  ConfigManager.cpp
  GameTimer.cpp
h:\pystg\python2d\util\gametimer.cpp(12): warning C4244: “=”: 从“double”转换到“float”，可能丢失数据
h:\pystg\python2d\util\gametimer.cpp(19): warning C4244: “=”: 从“double”转换到“float”，可能丢失数据
h:\pystg\python2d\util\gametimer.cpp(24): warning C4244: “=”: 从“double”转换到“float”，可能丢失数据
  ImageLoader.cpp
  ShaderReader.cpp
  BulletHelper.cpp
h:\pystg\python2d\xccore\bullet\bullethelper.h(5): fatal error C1083: 无法打开包括文件: “Python.h”: No such file or directory
  CircleBullet.cpp
h:\pystg\python2d\xccore\xcrender\irenderhelper.h(15): warning C4244: “初始化”: 从“int”转换到“float”，可能丢失数据
h:\pystg\python2d\xccore\xcrender\irenderhelper.h(43): warning C4244: “初始化”: 从“int”转换到“float”，可能丢失数据
h:\pystg\python2d\xccore\bullet\circlebullet.cpp(44): warning C4244: “参数”: 从“T”转换到“int”，可能丢失数据
          with
          [
              T=float
          ]
  Task.cpp
h:\pystg\python2d\xccore\xcrender\irenderhelper.h(15): warning C4244: “初始化”: 从“int”转换到“float”，可能丢失数据
h:\pystg\python2d\xccore\xcrender\irenderhelper.h(43): warning C4244: “初始化”: 从“int”转换到“float”，可能丢失数据
  TaskDispatcher.cpp
  TaskHelper.cpp
h:\pystg\python2d\xccore\task\taskhelper.h(4): fatal error C1083: 无法打开包括文件: “Python.h”: No such file or directory
  TaskInsideUnit.cpp
h:\pystg\python2d\xccore\xcrender\irenderhelper.h(15): warning C4244: “初始化”: 从“int”转换到“float”，可能丢失数据
h:\pystg\python2d\xccore\xcrender\irenderhelper.h(43): warning C4244: “初始化”: 从“int”转换到“float”，可能丢失数据
  XCFont.cpp
h:\pystg\python2d\xccore\xcfont\xcfont.cpp(78): warning C4838: 从“FT_Pos”转换到“GLuint”需要收缩转换
h:\pystg\python2d\xccore\xcfont\xcfont.cpp(176): warning C4018: “<”: 有符号/无符号不匹配
h:\pystg\python2d\xccore\xcfont\xcfont.cpp(233): warning C4018: “<”: 有符号/无符号不匹配
  Item.cpp
h:\pystg\python2d\xccore\xcrender\irenderhelper.h(15): warning C4244: “初始化”: 从“int”转换到“float”，可能丢失数据
h:\pystg\python2d\xccore\xcrender\irenderhelper.h(43): warning C4244: “初始化”: 从“int”转换到“float”，可能丢失数据
h:\pystg\python2d\xccore\item\item.cpp(17): warning C4244: “参数”: 从“uint64_t”转换到“unsigned int”，可能丢失数据
h:\pystg\python2d\xccore\item\item.cpp(52): warning C4244: “参数”: 从“T”转换到“int”，可能丢失数据
          with
          [
              T=float
          ]
  Player.cpp
h:\pystg\python2d\xccore\xcrender\irenderhelper.h(15): warning C4244: “初始化”: 从“int”转换到“float”，可能丢失数据
h:\pystg\python2d\xccore\xcrender\irenderhelper.h(43): warning C4244: “初始化”: 从“int”转换到“float”，可能丢失数据
h:\pystg\python2d\xccore\item\player.h(29): warning C4305: “初始化”: 从“double”到“float”截断
h:\pystg\python2d\xcinterpreter\scriptloader.h(5): fatal error C1083: 无法打开包括文件: “Python.h”: No such file or directory
  DecisionPointSE.cpp
h:\pystg\python2d\xccore\xcrender\irenderhelper.h(15): warning C4244: “初始化”: 从“int”转换到“float”，可能丢失数据
h:\pystg\python2d\xccore\xcrender\irenderhelper.h(43): warning C4244: “初始化”: 从“int”转换到“float”，可能丢失数据
  RenderManager.cpp
h:\pystg\python2d\xccore\xcrender\irenderhelper.h(15): warning C4244: “初始化”: 从“int”转换到“float”，可能丢失数据
h:\pystg\python2d\xccore\xcrender\irenderhelper.h(43): warning C4244: “初始化”: 从“int”转换到“float”，可能丢失数据
h:\pystg\python2d\xccore\stage\stage.h(4): fatal error C1083: 无法打开包括文件: “Python.h”: No such file or directory
  XCColorBlockHelper.cpp
h:\pystg\python2d\xccore\xcrender\irenderhelper.h(15): warning C4244: “初始化”: 从“int”转换到“float”，可能丢失数据
h:\pystg\python2d\xccore\xcrender\irenderhelper.h(43): warning C4244: “初始化”: 从“int”转换到“float”，可能丢失数据
  Stage.cpp
h:\pystg\python2d\xccore\stage\stage.h(4): fatal error C1083: 无法打开包括文件: “Python.h”: No such file or directory
  XCFrameInfo.cpp
  ScriptLoader.cpp
h:\pystg\python2d\xcinterpreter\scriptloader.h(5): fatal error C1083: 无法打开包括文件: “Python.h”: No such file or directory
  XCInterpreter.cpp
h:\pystg\python2d\xcinterpreter\scriptloader.h(5): fatal error C1083: 无法打开包括文件: “Python.h”: No such file or directory
  正在编译...
  XCImageHelper.cpp
h:\pystg\python2d\xccore\xcrender\irenderhelper.h(15): warning C4244: “初始化”: 从“int”转换到“float”，可能丢失数据
h:\pystg\python2d\xccore\xcrender\irenderhelper.h(43): warning C4244: “初始化”: 从“int”转换到“float”，可能丢失数据
  XCFrame.cpp
h:\pystg\python2d\xcinterpreter\scriptloader.h(5): fatal error C1083: 无法打开包括文件: “Python.h”: No such file or directory
  python2d.cpp
h:\pystg\python2d\xcinterpreter\scriptloader.h(5): fatal error C1083: 无法打开包括文件: “Python.h”: No such file or directory
